-------------------------------------------------------------------------------
Test set: org.springframework.samples.petclinic.owner.PetControllerTests
-------------------------------------------------------------------------------
Tests run: 6, Failures: 0, Errors: 6, Skipped: 0, Time elapsed: 5.956 s <<< FAILURE! - in org.springframework.samples.petclinic.owner.PetControllerTests
testProcessCreationFormSuccess(org.springframework.samples.petclinic.owner.PetControllerTests)  Time elapsed: 0.001 s  <<< ERROR!
java.lang.IllegalStateException: Failed to load ApplicationContext
Caused by: org.springframework.beans.factory.UnsatisfiedDependencyException: Error creating bean with name 'petController' defined in file [C:\Users\Zarazua\Documents\Mantenimiento de software\Corte 2\petclinic-master\target\classes\org\springframework\samples\petclinic\owner\PetController.class]: Unsatisfied dependency expressed through constructor parameter 2; nested exception is org.springframework.beans.factory.NoSuchBeanDefinitionException: No qualifying bean of type 'org.springframework.samples.petclinic.owner.AlbumRepository' available: expected at least 1 bean which qualifies as autowire candidate. Dependency annotations: {}
Caused by: org.springframework.beans.factory.NoSuchBeanDefinitionException: No qualifying bean of type 'org.springframework.samples.petclinic.owner.AlbumRepository' available: expected at least 1 bean which qualifies as autowire candidate. Dependency annotations: {}

testProcessUpdateFormSuccess(org.springframework.samples.petclinic.owner.PetControllerTests)  Time elapsed: 0.002 s  <<< ERROR!
java.lang.IllegalStateException: Failed to load ApplicationContext
Caused by: org.springframework.beans.factory.UnsatisfiedDependencyException: Error creating bean with name 'petController' defined in file [C:\Users\Zarazua\Documents\Mantenimiento de software\Corte 2\petclinic-master\target\classes\org\springframework\samples\petclinic\owner\PetController.class]: Unsatisfied dependency expressed through constructor parameter 2; nested exception is org.springframework.beans.factory.NoSuchBeanDefinitionException: No qualifying bean of type 'org.springframework.samples.petclinic.owner.AlbumRepository' available: expected at least 1 bean which qualifies as autowire candidate. Dependency annotations: {}
Caused by: org.springframework.beans.factory.NoSuchBeanDefinitionException: No qualifying bean of type 'org.springframework.samples.petclinic.owner.AlbumRepository' available: expected at least 1 bean which qualifies as autowire candidate. Dependency annotations: {}

testInitUpdateForm(org.springframework.samples.petclinic.owner.PetControllerTests)  Time elapsed: 0.001 s  <<< ERROR!
java.lang.IllegalStateException: Failed to load ApplicationContext
Caused by: org.springframework.beans.factory.UnsatisfiedDependencyException: Error creating bean with name 'petController' defined in file [C:\Users\Zarazua\Documents\Mantenimiento de software\Corte 2\petclinic-master\target\classes\org\springframework\samples\petclinic\owner\PetController.class]: Unsatisfied dependency expressed through constructor parameter 2; nested exception is org.springframework.beans.factory.NoSuchBeanDefinitionException: No qualifying bean of type 'org.springframework.samples.petclinic.owner.AlbumRepository' available: expected at least 1 bean which qualifies as autowire candidate. Dependency annotations: {}
Caused by: org.springframework.beans.factory.NoSuchBeanDefinitionException: No qualifying bean of type 'org.springframework.samples.petclinic.owner.AlbumRepository' available: expected at least 1 bean which qualifies as autowire candidate. Dependency annotations: {}

testInitCreationForm(org.springframework.samples.petclinic.owner.PetControllerTests)  Time elapsed: 0.01 s  <<< ERROR!
java.lang.IllegalStateException: Failed to load ApplicationContext
Caused by: org.springframework.beans.factory.UnsatisfiedDependencyException: Error creating bean with name 'petController' defined in file [C:\Users\Zarazua\Documents\Mantenimiento de software\Corte 2\petclinic-master\target\classes\org\springframework\samples\petclinic\owner\PetController.class]: Unsatisfied dependency expressed through constructor parameter 2; nested exception is org.springframework.beans.factory.NoSuchBeanDefinitionException: No qualifying bean of type 'org.springframework.samples.petclinic.owner.AlbumRepository' available: expected at least 1 bean which qualifies as autowire candidate. Dependency annotations: {}
Caused by: org.springframework.beans.factory.NoSuchBeanDefinitionException: No qualifying bean of type 'org.springframework.samples.petclinic.owner.AlbumRepository' available: expected at least 1 bean which qualifies as autowire candidate. Dependency annotations: {}

testProcessCreationFormHasErrors(org.springframework.samples.petclinic.owner.PetControllerTests)  Time elapsed: 0.002 s  <<< ERROR!
java.lang.IllegalStateException: Failed to load ApplicationContext
Caused by: org.springframework.beans.factory.UnsatisfiedDependencyException: Error creating bean with name 'petController' defined in file [C:\Users\Zarazua\Documents\Mantenimiento de software\Corte 2\petclinic-master\target\classes\org\springframework\samples\petclinic\owner\PetController.class]: Unsatisfied dependency expressed through constructor parameter 2; nested exception is org.springframework.beans.factory.NoSuchBeanDefinitionException: No qualifying bean of type 'org.springframework.samples.petclinic.owner.AlbumRepository' available: expected at least 1 bean which qualifies as autowire candidate. Dependency annotations: {}
Caused by: org.springframework.beans.factory.NoSuchBeanDefinitionException: No qualifying bean of type 'org.springframework.samples.petclinic.owner.AlbumRepository' available: expected at least 1 bean which qualifies as autowire candidate. Dependency annotations: {}

testProcessUpdateFormHasErrors(org.springframework.samples.petclinic.owner.PetControllerTests)  Time elapsed: 0.001 s  <<< ERROR!
java.lang.IllegalStateException: Failed to load ApplicationContext
Caused by: org.springframework.beans.factory.UnsatisfiedDependencyException: Error creating bean with name 'petController' defined in file [C:\Users\Zarazua\Documents\Mantenimiento de software\Corte 2\petclinic-master\target\classes\org\springframework\samples\petclinic\owner\PetController.class]: Unsatisfied dependency expressed through constructor parameter 2; nested exception is org.springframework.beans.factory.NoSuchBeanDefinitionException: No qualifying bean of type 'org.springframework.samples.petclinic.owner.AlbumRepository' available: expected at least 1 bean which qualifies as autowire candidate. Dependency annotations: {}
Caused by: org.springframework.beans.factory.NoSuchBeanDefinitionException: No qualifying bean of type 'org.springframework.samples.petclinic.owner.AlbumRepository' available: expected at least 1 bean which qualifies as autowire candidate. Dependency annotations: {}

