-------------------------------------------------------------------------------
Test set: org.springframework.samples.petclinic.PetclinicIntegrationTests
-------------------------------------------------------------------------------
Tests run: 1, Failures: 0, Errors: 1, Skipped: 0, Time elapsed: 15.858 s <<< FAILURE! - in org.springframework.samples.petclinic.PetclinicIntegrationTests
testFindAll(org.springframework.samples.petclinic.PetclinicIntegrationTests)  Time elapsed: 0.003 s  <<< ERROR!
java.lang.IllegalStateException: Failed to load ApplicationContext
Caused by: org.springframework.beans.factory.UnsatisfiedDependencyException: Error creating bean with name 'inMemoryDatabaseShutdownExecutor' defined in class path resource [org/springframework/boot/devtools/autoconfigure/DevToolsDataSourceAutoConfiguration.class]: Unsatisfied dependency expressed through method 'inMemoryDatabaseShutdownExecutor' parameter 0; nested exception is org.springframework.beans.factory.BeanCreationException: Error creating bean with name 'dataSource' defined in class path resource [org/springframework/boot/autoconfigure/jdbc/DataSourceConfiguration$Hikari.class]: Initialization of bean failed; nested exception is org.springframework.beans.factory.BeanCreationException: Error creating bean with name 'org.springframework.boot.autoconfigure.jdbc.DataSourceInitializerInvoker': Invocation of init method failed; nested exception is org.springframework.beans.factory.UnsatisfiedDependencyException: Error creating bean with name 'loginController' defined in file [C:\Users\Zarazua\Documents\Mantenimiento de software\Corte 2\petclinic-master\target\classes\org\springframework\samples\petclinic\system\LoginController.class]: Unsatisfied dependency expressed through constructor parameter 0; nested exception is org.springframework.beans.factory.BeanCreationException: Error creating bean with name 'reporteLoginRepository': Cannot create inner bean '(inner bean)#33b5b8b3' of type [org.springframework.orm.jpa.SharedEntityManagerCreator] while setting bean property 'entityManager'; nested exception is org.springframework.beans.factory.BeanCreationException: Error creating bean with name '(inner bean)#33b5b8b3': Cannot resolve reference to bean 'entityManagerFactory' while setting constructor argument; nested exception is org.springframework.beans.factory.BeanCurrentlyInCreationException: Error creating bean with name 'inMemoryDatabaseShutdownExecutor': Requested bean is currently in creation: Is there an unresolvable circular reference?
Caused by: org.springframework.beans.factory.BeanCreationException: Error creating bean with name 'dataSource' defined in class path resource [org/springframework/boot/autoconfigure/jdbc/DataSourceConfiguration$Hikari.class]: Initialization of bean failed; nested exception is org.springframework.beans.factory.BeanCreationException: Error creating bean with name 'org.springframework.boot.autoconfigure.jdbc.DataSourceInitializerInvoker': Invocation of init method failed; nested exception is org.springframework.beans.factory.UnsatisfiedDependencyException: Error creating bean with name 'loginController' defined in file [C:\Users\Zarazua\Documents\Mantenimiento de software\Corte 2\petclinic-master\target\classes\org\springframework\samples\petclinic\system\LoginController.class]: Unsatisfied dependency expressed through constructor parameter 0; nested exception is org.springframework.beans.factory.BeanCreationException: Error creating bean with name 'reporteLoginRepository': Cannot create inner bean '(inner bean)#33b5b8b3' of type [org.springframework.orm.jpa.SharedEntityManagerCreator] while setting bean property 'entityManager'; nested exception is org.springframework.beans.factory.BeanCreationException: Error creating bean with name '(inner bean)#33b5b8b3': Cannot resolve reference to bean 'entityManagerFactory' while setting constructor argument; nested exception is org.springframework.beans.factory.BeanCurrentlyInCreationException: Error creating bean with name 'inMemoryDatabaseShutdownExecutor': Requested bean is currently in creation: Is there an unresolvable circular reference?
Caused by: org.springframework.beans.factory.BeanCreationException: Error creating bean with name 'org.springframework.boot.autoconfigure.jdbc.DataSourceInitializerInvoker': Invocation of init method failed; nested exception is org.springframework.beans.factory.UnsatisfiedDependencyException: Error creating bean with name 'loginController' defined in file [C:\Users\Zarazua\Documents\Mantenimiento de software\Corte 2\petclinic-master\target\classes\org\springframework\samples\petclinic\system\LoginController.class]: Unsatisfied dependency expressed through constructor parameter 0; nested exception is org.springframework.beans.factory.BeanCreationException: Error creating bean with name 'reporteLoginRepository': Cannot create inner bean '(inner bean)#33b5b8b3' of type [org.springframework.orm.jpa.SharedEntityManagerCreator] while setting bean property 'entityManager'; nested exception is org.springframework.beans.factory.BeanCreationException: Error creating bean with name '(inner bean)#33b5b8b3': Cannot resolve reference to bean 'entityManagerFactory' while setting constructor argument; nested exception is org.springframework.beans.factory.BeanCurrentlyInCreationException: Error creating bean with name 'inMemoryDatabaseShutdownExecutor': Requested bean is currently in creation: Is there an unresolvable circular reference?
Caused by: org.springframework.beans.factory.UnsatisfiedDependencyException: Error creating bean with name 'loginController' defined in file [C:\Users\Zarazua\Documents\Mantenimiento de software\Corte 2\petclinic-master\target\classes\org\springframework\samples\petclinic\system\LoginController.class]: Unsatisfied dependency expressed through constructor parameter 0; nested exception is org.springframework.beans.factory.BeanCreationException: Error creating bean with name 'reporteLoginRepository': Cannot create inner bean '(inner bean)#33b5b8b3' of type [org.springframework.orm.jpa.SharedEntityManagerCreator] while setting bean property 'entityManager'; nested exception is org.springframework.beans.factory.BeanCreationException: Error creating bean with name '(inner bean)#33b5b8b3': Cannot resolve reference to bean 'entityManagerFactory' while setting constructor argument; nested exception is org.springframework.beans.factory.BeanCurrentlyInCreationException: Error creating bean with name 'inMemoryDatabaseShutdownExecutor': Requested bean is currently in creation: Is there an unresolvable circular reference?
Caused by: org.springframework.beans.factory.BeanCreationException: Error creating bean with name 'reporteLoginRepository': Cannot create inner bean '(inner bean)#33b5b8b3' of type [org.springframework.orm.jpa.SharedEntityManagerCreator] while setting bean property 'entityManager'; nested exception is org.springframework.beans.factory.BeanCreationException: Error creating bean with name '(inner bean)#33b5b8b3': Cannot resolve reference to bean 'entityManagerFactory' while setting constructor argument; nested exception is org.springframework.beans.factory.BeanCurrentlyInCreationException: Error creating bean with name 'inMemoryDatabaseShutdownExecutor': Requested bean is currently in creation: Is there an unresolvable circular reference?
Caused by: org.springframework.beans.factory.BeanCreationException: Error creating bean with name '(inner bean)#33b5b8b3': Cannot resolve reference to bean 'entityManagerFactory' while setting constructor argument; nested exception is org.springframework.beans.factory.BeanCurrentlyInCreationException: Error creating bean with name 'inMemoryDatabaseShutdownExecutor': Requested bean is currently in creation: Is there an unresolvable circular reference?
Caused by: org.springframework.beans.factory.BeanCurrentlyInCreationException: Error creating bean with name 'inMemoryDatabaseShutdownExecutor': Requested bean is currently in creation: Is there an unresolvable circular reference?

